<?xml version="1.0" encoding="UTF-8"?>
<!-- Generated by org.testng.reporters.JUnitReportReporter -->
<testsuite hostname="Lenovo-PC" failures="0" tests="1" name="testcases.Verifyloginpage" time="13.029" errors="0" timestamp="2023-02-14T23:20:26 IST" skipped="0">
  <testcase classname="testcases.Verifyloginpage" name="login" time="13.029"/>
  <system-out/>
</testsuite> <!-- testcases.Verifyloginpage -->
