<?xml version="1.0" encoding="UTF-8"?>
<!-- Generated by org.testng.reporters.JUnitReportReporter -->
<testsuite hostname="Lenovo-PC" failures="0" tests="1" name="testcases.VerifySignuppage" time="16.372" errors="0" timestamp="2023-02-14T23:20:26 IST" skipped="0">
  <testcase classname="testcases.VerifySignuppage" name="signup" time="16.372"/>
  <system-out/>
</testsuite> <!-- testcases.VerifySignuppage -->
